android/app/build/intermediates/manifest_merge_blame_file/debug/processDebugMainManifest/manifest-merger-blame-debug-report.txt
1<?xml version="1.0" encoding="utf-8"?>
2<manifest xmlns:android="http://schemas.android.com/apk/res/android"
3    package="com.rampxtrading.app"
4    android:versionCode="8"
5    android:versionName="1.41" >
6
7    <uses-sdk
8        android:minSdkVersion="24"
9        android:targetSdkVersion="36" />
10
11    <uses-permission android:name="android.permission.INTERNET" />
11-->src/main/AndroidManifest.xml:2:5-67
11-->src/main/AndroidManifest.xml:2:22-64
12    <uses-permission android:name="android.permission.POST_NOTIFICATIONS" />
12-->src/main/AndroidManifest.xml:3:5-77
12-->src/main/AndroidManifest.xml:3:22-74
13    <uses-permission android:name="android.permission.USE_BIOMETRIC" />
13-->src/main/AndroidManifest.xml:4:5-72
13-->src/main/AndroidManifest.xml:4:22-69
14
15    <queries>
15-->[:capacitor-browser] AndroidManifest.xml:7:5-11:15
16        <intent>
16-->[:capacitor-browser] AndroidManifest.xml:8:9-10:18
17            <action android:name="android.support.customtabs.action.CustomTabsService" />
17-->[:capacitor-browser] AndroidManifest.xml:9:13-90
17-->[:capacitor-browser] AndroidManifest.xml:9:21-87
18        </intent>
19        <intent>
19-->[com.google.androidbrowserhelper:androidbrowserhelper:2.5.0] AndroidManifest.xml:27:9-33:18
20            <action android:name="android.intent.action.VIEW" />
20-->src/main/AndroidManifest.xml:35:17-69
20-->src/main/AndroidManifest.xml:35:25-66
21
22            <category android:name="android.intent.category.BROWSABLE" />
22-->src/main/AndroidManifest.xml:37:17-78
22-->src/main/AndroidManifest.xml:37:27-75
23
24            <data android:scheme="https" />
24-->src/main/AndroidManifest.xml:38:17-84
24-->src/main/AndroidManifest.xml:38:23-52
25        </intent>
26    </queries>
27
28    <uses-permission android:name="android.permission.RECEIVE_BOOT_COMPLETED" />
28-->[:capacitor-local-notifications] AndroidManifest.xml:7:5-81
28-->[:capacitor-local-notifications] AndroidManifest.xml:7:22-78
29    <uses-permission android:name="android.permission.WAKE_LOCK" />
29-->[:capacitor-local-notifications] AndroidManifest.xml:8:5-68
29-->[:capacitor-local-notifications] AndroidManifest.xml:8:22-65
30    <uses-permission android:name="android.permission.USE_CREDENTIALS" /> <!-- suppress DeprecatedClassUsageInspection -->
30-->[:capgo-capacitor-social-login] AndroidManifest.xml:8:5-74
30-->[:capgo-capacitor-social-login] AndroidManifest.xml:8:22-71
31    <uses-permission android:name="android.permission.USE_FINGERPRINT" />
31-->[androidx.biometric:biometric:1.1.0] AndroidManifest.xml:27:5-74
31-->[androidx.biometric:biometric:1.1.0] AndroidManifest.xml:27:22-71
32    <uses-permission android:name="android.permission.ACCESS_NETWORK_STATE" /> <!-- Required by older versions of Google Play services to create IID tokens -->
32-->[com.google.firebase:firebase-messaging:25.0.1] AndroidManifest.xml:22:5-79
32-->[com.google.firebase:firebase-messaging:25.0.1] AndroidManifest.xml:22:22-76
33    <uses-permission android:name="com.google.android.c2dm.permission.RECEIVE" />
33-->[com.google.firebase:firebase-messaging:25.0.1] AndroidManifest.xml:26:5-82
33-->[com.google.firebase:firebase-messaging:25.0.1] AndroidManifest.xml:26:22-79
34
35    <permission
35-->[androidx.core:core:1.16.0] AndroidManifest.xml:22:5-24:47
36        android:name="com.rampxtrading.app.DYNAMIC_RECEIVER_NOT_EXPORTED_PERMISSION"
36-->[androidx.core:core:1.16.0] AndroidManifest.xml:23:9-81
37        android:protectionLevel="signature" />
37-->[androidx.core:core:1.16.0] AndroidManifest.xml:24:9-44
38
39    <uses-permission android:name="com.rampxtrading.app.DYNAMIC_RECEIVER_NOT_EXPORTED_PERMISSION" />
39-->[androidx.core:core:1.16.0] AndroidManifest.xml:26:5-97
39-->[androidx.core:core:1.16.0] AndroidManifest.xml:26:22-94
40
41    <application
41-->src/main/AndroidManifest.xml:6:5-41:19
42        android:allowBackup="true"
42-->src/main/AndroidManifest.xml:7:9-35
43        android:appComponentFactory="androidx.core.app.CoreComponentFactory"
43-->[androidx.core:core:1.16.0] AndroidManifest.xml:28:18-86
44        android:debuggable="true"
45        android:extractNativeLibs="false"
46        android:icon="@mipmap/ic_launcher"
46-->src/main/AndroidManifest.xml:12:9-43
47        android:label="RampX Trading"
47-->src/main/AndroidManifest.xml:8:9-38
48        android:roundIcon="@mipmap/ic_launcher_round"
48-->src/main/AndroidManifest.xml:13:9-54
49        android:supportsRtl="true"
49-->src/main/AndroidManifest.xml:9:9-35
50        android:theme="@style/AppTheme.NoActionBar"
50-->src/main/AndroidManifest.xml:11:9-52
51        android:usesCleartextTraffic="true" >
51-->src/main/AndroidManifest.xml:10:9-44
52        <meta-data
52-->src/main/AndroidManifest.xml:14:9-16:44
53            android:name="com.google.firebase.messaging.default_notification_channel_id"
53-->src/main/AndroidManifest.xml:15:13-89
54            android:value="rampx-alerts" />
54-->src/main/AndroidManifest.xml:16:13-41
55        <meta-data
55-->src/main/AndroidManifest.xml:17:9-19:58
56            android:name="com.google.firebase.messaging.default_notification_icon"
56-->src/main/AndroidManifest.xml:18:13-83
57            android:resource="@drawable/ic_stat_rampx" />
57-->src/main/AndroidManifest.xml:19:13-55
58        <meta-data
58-->src/main/AndroidManifest.xml:20:9-22:67
59            android:name="com.google.firebase.messaging.default_notification_color"
59-->src/main/AndroidManifest.xml:21:13-84
60            android:resource="@color/rampx_notification_accent" />
60-->src/main/AndroidManifest.xml:22:13-64
61
62        <activity
62-->src/main/AndroidManifest.xml:23:9-40:20
63            android:name="com.rampxtrading.app.MainActivity"
63-->src/main/AndroidManifest.xml:24:13-41
64            android:configChanges="orientation|keyboardHidden|keyboard|screenSize|locale|smallestScreenSize|screenLayout|uiMode|navigation"
64-->src/main/AndroidManifest.xml:29:13-140
65            android:exported="true"
65-->src/main/AndroidManifest.xml:25:13-36
66            android:label="RampX Trading"
66-->src/main/AndroidManifest.xml:27:13-42
67            android:launchMode="singleTask"
67-->src/main/AndroidManifest.xml:26:13-44
68            android:theme="@style/AppTheme.NoActionBar" >
68-->src/main/AndroidManifest.xml:28:13-56
69            <intent-filter>
69-->src/main/AndroidManifest.xml:30:13-33:29
70                <action android:name="android.intent.action.MAIN" />
70-->src/main/AndroidManifest.xml:31:17-69
70-->src/main/AndroidManifest.xml:31:25-66
71
72                <category android:name="android.intent.category.LAUNCHER" />
72-->src/main/AndroidManifest.xml:32:17-77
72-->src/main/AndroidManifest.xml:32:27-74
73            </intent-filter>
74            <intent-filter>
74-->src/main/AndroidManifest.xml:34:13-39:29
75                <action android:name="android.intent.action.VIEW" />
75-->src/main/AndroidManifest.xml:35:17-69
75-->src/main/AndroidManifest.xml:35:25-66
76
77                <category android:name="android.intent.category.DEFAULT" />
77-->src/main/AndroidManifest.xml:36:17-76
77-->src/main/AndroidManifest.xml:36:27-73
78                <category android:name="android.intent.category.BROWSABLE" />
78-->src/main/AndroidManifest.xml:37:17-78
78-->src/main/AndroidManifest.xml:37:27-75
79
80                <data
80-->src/main/AndroidManifest.xml:38:17-84
81                    android:host="auth-callback"
81-->src/main/AndroidManifest.xml:38:53-81
82                    android:scheme="rampxtrading" />
82-->src/main/AndroidManifest.xml:38:23-52
83            </intent-filter>
84        </activity>
85        <activity
85-->[:capacitor-browser] AndroidManifest.xml:14:9-18:75
86            android:name="com.capacitorjs.plugins.browser.BrowserControllerActivity"
86-->[:capacitor-browser] AndroidManifest.xml:15:13-85
87            android:exported="false"
87-->[:capacitor-browser] AndroidManifest.xml:16:13-37
88            android:launchMode="singleTask"
88-->[:capacitor-browser] AndroidManifest.xml:17:13-44
89            android:theme="@android:style/Theme.Translucent.NoTitleBar" />
89-->[:capacitor-browser] AndroidManifest.xml:18:13-72
90
91        <receiver android:name="com.capacitorjs.plugins.localnotifications.TimedNotificationPublisher" />
91-->[:capacitor-local-notifications] AndroidManifest.xml:12:9-106
91-->[:capacitor-local-notifications] AndroidManifest.xml:12:19-103
92        <receiver android:name="com.capacitorjs.plugins.localnotifications.NotificationDismissReceiver" />
92-->[:capacitor-local-notifications] AndroidManifest.xml:13:9-107
92-->[:capacitor-local-notifications] AndroidManifest.xml:13:19-104
93        <receiver
93-->[:capacitor-local-notifications] AndroidManifest.xml:14:9-23:20
94            android:name="com.capacitorjs.plugins.localnotifications.LocalNotificationRestoreReceiver"
94-->[:capacitor-local-notifications] AndroidManifest.xml:15:13-103
95            android:directBootAware="true"
95-->[:capacitor-local-notifications] AndroidManifest.xml:16:13-43
96            android:exported="false" >
96-->[:capacitor-local-notifications] AndroidManifest.xml:17:13-37
97            <intent-filter>
97-->[:capacitor-local-notifications] AndroidManifest.xml:18:13-22:29
98                <action android:name="android.intent.action.LOCKED_BOOT_COMPLETED" />
98-->[:capacitor-local-notifications] AndroidManifest.xml:19:17-86
98-->[:capacitor-local-notifications] AndroidManifest.xml:19:25-83
99                <action android:name="android.intent.action.BOOT_COMPLETED" />
99-->[:capacitor-local-notifications] AndroidManifest.xml:20:17-79
99-->[:capacitor-local-notifications] AndroidManifest.xml:20:25-76
100                <action android:name="android.intent.action.QUICKBOOT_POWERON" />
100-->[:capacitor-local-notifications] AndroidManifest.xml:21:17-82
100-->[:capacitor-local-notifications] AndroidManifest.xml:21:25-79
101            </intent-filter>
102        </receiver>
103
104        <service
104-->[:capacitor-push-notifications] AndroidManifest.xml:8:9-14:19
105            android:name="com.capacitorjs.plugins.pushnotifications.MessagingService"
105-->[:capacitor-push-notifications] AndroidManifest.xml:9:13-86
106            android:exported="false" >
106-->[:capacitor-push-notifications] AndroidManifest.xml:10:13-37
107            <intent-filter>
107-->[:capacitor-push-notifications] AndroidManifest.xml:11:13-13:29
108                <action android:name="com.google.firebase.MESSAGING_EVENT" />
108-->[:capacitor-push-notifications] AndroidManifest.xml:12:17-78
108-->[:capacitor-push-notifications] AndroidManifest.xml:12:25-75
109            </intent-filter>
110        </service>
111
112        <activity
112-->[:capgo-capacitor-native-biometric] AndroidManifest.xml:8:9-11:59
113            android:name="ee.forgr.biometric.AuthActivity"
113-->[:capgo-capacitor-native-biometric] AndroidManifest.xml:9:13-59
114            android:label="@string/title_activity_auth_activity"
114-->[:capgo-capacitor-native-biometric] AndroidManifest.xml:10:13-65
115            android:theme="@style/AppTheme.Transparent" />
115-->[:capgo-capacitor-native-biometric] AndroidManifest.xml:11:13-56
116        <activity
116-->[:capgo-capacitor-social-login] AndroidManifest.xml:18:9-21:84
117            android:name="ee.forgr.capacitor.social.login.TwitterLoginActivity"
117-->[:capgo-capacitor-social-login] AndroidManifest.xml:19:13-80
118            android:exported="false"
118-->[:capgo-capacitor-social-login] AndroidManifest.xml:20:13-37
119            android:theme="@android:style/Theme.DeviceDefault.Light.NoActionBar" />
119-->[:capgo-capacitor-social-login] AndroidManifest.xml:21:13-81
120        <activity
120-->[:capgo-capacitor-social-login] AndroidManifest.xml:22:9-25:84
121            android:name="ee.forgr.capacitor.social.login.OAuth2LoginActivity"
121-->[:capgo-capacitor-social-login] AndroidManifest.xml:23:13-79
122            android:exported="false"
122-->[:capgo-capacitor-social-login] AndroidManifest.xml:24:13-37
123            android:theme="@android:style/Theme.DeviceDefault.Light.NoActionBar" />
123-->[:capgo-capacitor-social-login] AndroidManifest.xml:25:13-81
124
125        <service
125-->[androidx.credentials:credentials-play-services-auth:1.5.0] AndroidManifest.xml:24:9-32:19
126            android:name="androidx.credentials.playservices.CredentialProviderMetadataHolder"
126-->[androidx.credentials:credentials-play-services-auth:1.5.0] AndroidManifest.xml:25:13-94
127            android:enabled="true"
127-->[androidx.credentials:credentials-play-services-auth:1.5.0] AndroidManifest.xml:26:13-35
128            android:exported="false" >
128-->[androidx.credentials:credentials-play-services-auth:1.5.0] AndroidManifest.xml:27:13-37
129            <meta-data
129-->[androidx.credentials:credentials-play-services-auth:1.5.0] AndroidManifest.xml:29:13-31:104
130                android:name="androidx.credentials.CREDENTIAL_PROVIDER_KEY"
130-->[androidx.credentials:credentials-play-services-auth:1.5.0] AndroidManifest.xml:30:17-76
131                android:value="androidx.credentials.playservices.CredentialProviderPlayServicesImpl" />
131-->[androidx.credentials:credentials-play-services-auth:1.5.0] AndroidManifest.xml:31:17-101
132        </service>
133
134        <activity
134-->[androidx.credentials:credentials-play-services-auth:1.5.0] AndroidManifest.xml:34:9-41:20
135            android:name="androidx.credentials.playservices.HiddenActivity"
135-->[androidx.credentials:credentials-play-services-auth:1.5.0] AndroidManifest.xml:35:13-76
136            android:configChanges="orientation|screenSize|screenLayout|keyboardHidden"
136-->[androidx.credentials:credentials-play-services-auth:1.5.0] AndroidManifest.xml:36:13-87
137            android:enabled="true"
137-->[androidx.credentials:credentials-play-services-auth:1.5.0] AndroidManifest.xml:37:13-35
138            android:exported="false"
138-->[androidx.credentials:credentials-play-services-auth:1.5.0] AndroidManifest.xml:38:13-37
139            android:fitsSystemWindows="true"
139-->[androidx.credentials:credentials-play-services-auth:1.5.0] AndroidManifest.xml:39:13-45
140            android:theme="@style/Theme.Hidden" >
140-->[androidx.credentials:credentials-play-services-auth:1.5.0] AndroidManifest.xml:40:13-48
141        </activity>
142        <activity
142-->[androidx.credentials:credentials-play-services-auth:1.5.0] AndroidManifest.xml:42:9-49:20
143            android:name="androidx.credentials.playservices.IdentityCredentialApiHiddenActivity"
143-->[androidx.credentials:credentials-play-services-auth:1.5.0] AndroidManifest.xml:43:13-97
144            android:configChanges="orientation|screenSize|screenLayout|keyboardHidden"
144-->[androidx.credentials:credentials-play-services-auth:1.5.0] AndroidManifest.xml:44:13-87
145            android:enabled="true"
145-->[androidx.credentials:credentials-play-services-auth:1.5.0] AndroidManifest.xml:45:13-35
146            android:exported="false"
146-->[androidx.credentials:credentials-play-services-auth:1.5.0] AndroidManifest.xml:46:13-37
147            android:fitsSystemWindows="true"
147-->[androidx.credentials:credentials-play-services-auth:1.5.0] AndroidManifest.xml:47:13-45
148            android:theme="@style/Theme.Hidden" >
148-->[androidx.credentials:credentials-play-services-auth:1.5.0] AndroidManifest.xml:48:13-48
149        </activity>
150        <activity
150-->[com.google.android.gms:play-services-auth:21.4.0] AndroidManifest.xml:23:9-27:75
151            android:name="com.google.android.gms.auth.api.signin.internal.SignInHubActivity"
151-->[com.google.android.gms:play-services-auth:21.4.0] AndroidManifest.xml:24:13-93
152            android:excludeFromRecents="true"
152-->[com.google.android.gms:play-services-auth:21.4.0] AndroidManifest.xml:25:13-46
153            android:exported="false"
153-->[com.google.android.gms:play-services-auth:21.4.0] AndroidManifest.xml:26:13-37
154            android:theme="@android:style/Theme.Translucent.NoTitleBar" />
154-->[com.google.android.gms:play-services-auth:21.4.0] AndroidManifest.xml:27:13-72
155        <!--
156            Service handling Google Sign-In user revocation. For apps that do not integrate with
157            Google Sign-In, this service will never be started.
158        -->
159        <service
159-->[com.google.android.gms:play-services-auth:21.4.0] AndroidManifest.xml:33:9-37:51
160            android:name="com.google.android.gms.auth.api.signin.RevocationBoundService"
160-->[com.google.android.gms:play-services-auth:21.4.0] AndroidManifest.xml:34:13-89
161            android:exported="true"
161-->[com.google.android.gms:play-services-auth:21.4.0] AndroidManifest.xml:35:13-36
162            android:permission="com.google.android.gms.auth.api.signin.permission.REVOCATION_NOTIFICATION"
162-->[com.google.android.gms:play-services-auth:21.4.0] AndroidManifest.xml:36:13-107
163            android:visibleToInstantApps="true" />
163-->[com.google.android.gms:play-services-auth:21.4.0] AndroidManifest.xml:37:13-48
164
165        <receiver
165-->[com.google.firebase:firebase-messaging:25.0.1] AndroidManifest.xml:29:9-40:20
166            android:name="com.google.firebase.iid.FirebaseInstanceIdReceiver"
166-->[com.google.firebase:firebase-messaging:25.0.1] AndroidManifest.xml:30:13-78
167            android:exported="true"
167-->[com.google.firebase:firebase-messaging:25.0.1] AndroidManifest.xml:31:13-36
168            android:permission="com.google.android.c2dm.permission.SEND" >
168-->[com.google.firebase:firebase-messaging:25.0.1] AndroidManifest.xml:32:13-73
169            <intent-filter>
169-->[com.google.firebase:firebase-messaging:25.0.1] AndroidManifest.xml:33:13-35:29
170                <action android:name="com.google.android.c2dm.intent.RECEIVE" />
170-->[com.google.firebase:firebase-messaging:25.0.1] AndroidManifest.xml:34:17-81
170-->[com.google.firebase:firebase-messaging:25.0.1] AndroidManifest.xml:34:25-78
171            </intent-filter>
172
173            <meta-data
173-->[com.google.firebase:firebase-messaging:25.0.1] AndroidManifest.xml:37:13-39:40
174                android:name="com.google.android.gms.cloudmessaging.FINISHED_AFTER_HANDLED"
174-->[com.google.firebase:firebase-messaging:25.0.1] AndroidManifest.xml:38:17-92
175                android:value="true" />
175-->[com.google.firebase:firebase-messaging:25.0.1] AndroidManifest.xml:39:17-37
176        </receiver>
177        <!--
178             FirebaseMessagingService performs security checks at runtime,
179             but set to not exported to explicitly avoid allowing another app to call it.
180        -->
181        <service
181-->[com.google.firebase:firebase-messaging:25.0.1] AndroidManifest.xml:46:9-53:19
182            android:name="com.google.firebase.messaging.FirebaseMessagingService"
182-->[com.google.firebase:firebase-messaging:25.0.1] AndroidManifest.xml:47:13-82
183            android:directBootAware="true"
183-->[com.google.firebase:firebase-messaging:25.0.1] AndroidManifest.xml:48:13-43
184            android:exported="false" >
184-->[com.google.firebase:firebase-messaging:25.0.1] AndroidManifest.xml:49:13-37
185            <intent-filter android:priority="-500" >
185-->[:capacitor-push-notifications] AndroidManifest.xml:11:13-13:29
186                <action android:name="com.google.firebase.MESSAGING_EVENT" />
186-->[:capacitor-push-notifications] AndroidManifest.xml:12:17-78
186-->[:capacitor-push-notifications] AndroidManifest.xml:12:25-75
187            </intent-filter>
188        </service>
189        <service
189-->[com.google.firebase:firebase-messaging:25.0.1] AndroidManifest.xml:54:9-63:19
190            android:name="com.google.firebase.components.ComponentDiscoveryService"
190-->[com.google.firebase:firebase-messaging:25.0.1] AndroidManifest.xml:55:13-84
191            android:directBootAware="true"
191-->[com.google.firebase:firebase-common:22.0.1] AndroidManifest.xml:32:13-43
192            android:exported="false" >
192-->[com.google.firebase:firebase-messaging:25.0.1] AndroidManifest.xml:56:13-37
193            <meta-data
193-->[com.google.firebase:firebase-messaging:25.0.1] AndroidManifest.xml:57:13-59:85
194                android:name="com.google.firebase.components:com.google.firebase.messaging.FirebaseMessagingKtxRegistrar"
194-->[com.google.firebase:firebase-messaging:25.0.1] AndroidManifest.xml:58:17-122
195                android:value="com.google.firebase.components.ComponentRegistrar" />
195-->[com.google.firebase:firebase-messaging:25.0.1] AndroidManifest.xml:59:17-82
196            <meta-data
196-->[com.google.firebase:firebase-messaging:25.0.1] AndroidManifest.xml:60:13-62:85
197                android:name="com.google.firebase.components:com.google.firebase.messaging.FirebaseMessagingRegistrar"
197-->[com.google.firebase:firebase-messaging:25.0.1] AndroidManifest.xml:61:17-119
198                android:value="com.google.firebase.components.ComponentRegistrar" />
198-->[com.google.firebase:firebase-messaging:25.0.1] AndroidManifest.xml:62:17-82
199            <meta-data
199-->[com.google.firebase:firebase-installations:18.0.0] AndroidManifest.xml:15:13-17:85
200                android:name="com.google.firebase.components:com.google.firebase.installations.FirebaseInstallationsKtxRegistrar"
200-->[com.google.firebase:firebase-installations:18.0.0] AndroidManifest.xml:16:17-130
201                android:value="com.google.firebase.components.ComponentRegistrar" />
201-->[com.google.firebase:firebase-installations:18.0.0] AndroidManifest.xml:17:17-82
202            <meta-data
202-->[com.google.firebase:firebase-installations:18.0.0] AndroidManifest.xml:18:13-20:85
203                android:name="com.google.firebase.components:com.google.firebase.installations.FirebaseInstallationsRegistrar"
203-->[com.google.firebase:firebase-installations:18.0.0] AndroidManifest.xml:19:17-127
204                android:value="com.google.firebase.components.ComponentRegistrar" />
204-->[com.google.firebase:firebase-installations:18.0.0] AndroidManifest.xml:20:17-82
205            <meta-data
205-->[com.google.firebase:firebase-common:22.0.1] AndroidManifest.xml:35:13-37:85
206                android:name="com.google.firebase.components:com.google.firebase.FirebaseCommonKtxRegistrar"
206-->[com.google.firebase:firebase-common:22.0.1] AndroidManifest.xml:36:17-109
207                android:value="com.google.firebase.components.ComponentRegistrar" />
207-->[com.google.firebase:firebase-common:22.0.1] AndroidManifest.xml:37:17-82
208            <meta-data
208-->[com.google.firebase:firebase-datatransport:18.2.0] AndroidManifest.xml:25:13-27:85
209                android:name="com.google.firebase.components:com.google.firebase.datatransport.TransportRegistrar"
209-->[com.google.firebase:firebase-datatransport:18.2.0] AndroidManifest.xml:26:17-115
210                android:value="com.google.firebase.components.ComponentRegistrar" />
210-->[com.google.firebase:firebase-datatransport:18.2.0] AndroidManifest.xml:27:17-82
211        </service>
212
213        <activity
213-->[com.google.android.gms:play-services-base:18.5.0] AndroidManifest.xml:5:9-173
214            android:name="com.google.android.gms.common.api.GoogleApiActivity"
214-->[com.google.android.gms:play-services-base:18.5.0] AndroidManifest.xml:5:19-85
215            android:exported="false"
215-->[com.google.android.gms:play-services-base:18.5.0] AndroidManifest.xml:5:146-170
216            android:theme="@android:style/Theme.Translucent.NoTitleBar" />
216-->[com.google.android.gms:play-services-base:18.5.0] AndroidManifest.xml:5:86-145
217
218        <provider
218-->[com.google.firebase:firebase-common:22.0.1] AndroidManifest.xml:23:9-28:39
219            android:name="com.google.firebase.provider.FirebaseInitProvider"
219-->[com.google.firebase:firebase-common:22.0.1] AndroidManifest.xml:24:13-77
220            android:authorities="com.rampxtrading.app.firebaseinitprovider"
220-->[com.google.firebase:firebase-common:22.0.1] AndroidManifest.xml:25:13-72
221            android:directBootAware="true"
221-->[com.google.firebase:firebase-common:22.0.1] AndroidManifest.xml:26:13-43
222            android:exported="false"
222-->[com.google.firebase:firebase-common:22.0.1] AndroidManifest.xml:27:13-37
223            android:initOrder="100" />
223-->[com.google.firebase:firebase-common:22.0.1] AndroidManifest.xml:28:13-36
224        <provider
224-->[androidx.emoji2:emoji2:1.3.0] AndroidManifest.xml:24:9-32:20
225            android:name="androidx.startup.InitializationProvider"
225-->[androidx.emoji2:emoji2:1.3.0] AndroidManifest.xml:25:13-67
226            android:authorities="com.rampxtrading.app.androidx-startup"
226-->[androidx.emoji2:emoji2:1.3.0] AndroidManifest.xml:26:13-68
227            android:exported="false" >
227-->[androidx.emoji2:emoji2:1.3.0] AndroidManifest.xml:27:13-37
228            <meta-data
228-->[androidx.emoji2:emoji2:1.3.0] AndroidManifest.xml:29:13-31:52
229                android:name="androidx.emoji2.text.EmojiCompatInitializer"
229-->[androidx.emoji2:emoji2:1.3.0] AndroidManifest.xml:30:17-75
230                android:value="androidx.startup" />
230-->[androidx.emoji2:emoji2:1.3.0] AndroidManifest.xml:31:17-49
231            <meta-data
231-->[androidx.lifecycle:lifecycle-process:2.6.2] AndroidManifest.xml:29:13-31:52
232                android:name="androidx.lifecycle.ProcessLifecycleInitializer"
232-->[androidx.lifecycle:lifecycle-process:2.6.2] AndroidManifest.xml:30:17-78
233                android:value="androidx.startup" />
233-->[androidx.lifecycle:lifecycle-process:2.6.2] AndroidManifest.xml:31:17-49
234            <meta-data
234-->[androidx.profileinstaller:profileinstaller:1.4.0] AndroidManifest.xml:29:13-31:52
235                android:name="androidx.profileinstaller.ProfileInstallerInitializer"
235-->[androidx.profileinstaller:profileinstaller:1.4.0] AndroidManifest.xml:30:17-85
236                android:value="androidx.startup" />
236-->[androidx.profileinstaller:profileinstaller:1.4.0] AndroidManifest.xml:31:17-49
237        </provider>
238
239        <uses-library
239-->[androidx.window:window:1.0.0] AndroidManifest.xml:25:9-27:40
240            android:name="androidx.window.extensions"
240-->[androidx.window:window:1.0.0] AndroidManifest.xml:26:13-54
241            android:required="false" />
241-->[androidx.window:window:1.0.0] AndroidManifest.xml:27:13-37
242        <uses-library
242-->[androidx.window:window:1.0.0] AndroidManifest.xml:28:9-30:40
243            android:name="androidx.window.sidecar"
243-->[androidx.window:window:1.0.0] AndroidManifest.xml:29:13-51
244            android:required="false" />
244-->[androidx.window:window:1.0.0] AndroidManifest.xml:30:13-37
245
246        <meta-data
246-->[com.google.android.gms:play-services-basement:18.5.0] AndroidManifest.xml:21:9-23:69
247            android:name="com.google.android.gms.version"
247-->[com.google.android.gms:play-services-basement:18.5.0] AndroidManifest.xml:22:13-58
248            android:value="@integer/google_play_services_version" />
248-->[com.google.android.gms:play-services-basement:18.5.0] AndroidManifest.xml:23:13-66
249
250        <receiver
250-->[androidx.profileinstaller:profileinstaller:1.4.0] AndroidManifest.xml:34:9-52:20
251            android:name="androidx.profileinstaller.ProfileInstallReceiver"
251-->[androidx.profileinstaller:profileinstaller:1.4.0] AndroidManifest.xml:35:13-76
252            android:directBootAware="false"
252-->[androidx.profileinstaller:profileinstaller:1.4.0] AndroidManifest.xml:36:13-44
253            android:enabled="true"
253-->[androidx.profileinstaller:profileinstaller:1.4.0] AndroidManifest.xml:37:13-35
254            android:exported="true"
254-->[androidx.profileinstaller:profileinstaller:1.4.0] AndroidManifest.xml:38:13-36
255            android:permission="android.permission.DUMP" >
255-->[androidx.profileinstaller:profileinstaller:1.4.0] AndroidManifest.xml:39:13-57
256            <intent-filter>
256-->[androidx.profileinstaller:profileinstaller:1.4.0] AndroidManifest.xml:40:13-42:29
257                <action android:name="androidx.profileinstaller.action.INSTALL_PROFILE" />
257-->[androidx.profileinstaller:profileinstaller:1.4.0] AndroidManifest.xml:41:17-91
257-->[androidx.profileinstaller:profileinstaller:1.4.0] AndroidManifest.xml:41:25-88
258            </intent-filter>
259            <intent-filter>
259-->[androidx.profileinstaller:profileinstaller:1.4.0] AndroidManifest.xml:43:13-45:29
260                <action android:name="androidx.profileinstaller.action.SKIP_FILE" />
260-->[androidx.profileinstaller:profileinstaller:1.4.0] AndroidManifest.xml:44:17-85
260-->[androidx.profileinstaller:profileinstaller:1.4.0] AndroidManifest.xml:44:25-82
261            </intent-filter>
262            <intent-filter>
262-->[androidx.profileinstaller:profileinstaller:1.4.0] AndroidManifest.xml:46:13-48:29
263                <action android:name="androidx.profileinstaller.action.SAVE_PROFILE" />
263-->[androidx.profileinstaller:profileinstaller:1.4.0] AndroidManifest.xml:47:17-88
263-->[androidx.profileinstaller:profileinstaller:1.4.0] AndroidManifest.xml:47:25-85
264            </intent-filter>
265            <intent-filter>
265-->[androidx.profileinstaller:profileinstaller:1.4.0] AndroidManifest.xml:49:13-51:29
266                <action android:name="androidx.profileinstaller.action.BENCHMARK_OPERATION" />
266-->[androidx.profileinstaller:profileinstaller:1.4.0] AndroidManifest.xml:50:17-95
266-->[androidx.profileinstaller:profileinstaller:1.4.0] AndroidManifest.xml:50:25-92
267            </intent-filter>
268        </receiver>
269
270        <service
270-->[com.google.android.datatransport:transport-backend-cct:3.1.9] AndroidManifest.xml:28:9-34:19
271            android:name="com.google.android.datatransport.runtime.backends.TransportBackendDiscovery"